2023-02-06 16:51:25.330  INFO 2293 --- [restartedMain] .b.a.h.MapBusanAnimalHospitalApplication : Starting MapBusanAnimalHospitalApplication using Java 11.0.13 on gimjin-uui-MacBookAir.local with PID 2293 (/Users/kimwoo2328/Desktop/Workspace/SpringBoot/MapBusanAnimalHospital/bin/main started by kimwoo2328 in /Users/kimwoo2328/Desktop/Workspace/SpringBoot/MapBusanAnimalHospital)
2023-02-06 16:51:25.333  INFO 2293 --- [restartedMain] .b.a.h.MapBusanAnimalHospitalApplication : No active profile set, falling back to 1 default profile: "default"
2023-02-06 16:51:25.414  INFO 2293 --- [restartedMain] .e.DevToolsPropertyDefaultsPostProcessor : Devtools property defaults active! Set 'spring.devtools.add-properties' to 'false' to disable
2023-02-06 16:51:25.415  INFO 2293 --- [restartedMain] .e.DevToolsPropertyDefaultsPostProcessor : For additional web related logging consider setting the 'logging.level.web' property to 'DEBUG'
2023-02-06 16:51:26.898  INFO 2293 --- [restartedMain] o.s.b.w.embedded.tomcat.TomcatWebServer  : Tomcat initialized with port(s): 8080 (http)
2023-02-06 16:51:26.912  INFO 2293 --- [restartedMain] o.apache.catalina.core.StandardService   : Starting service [Tomcat]
2023-02-06 16:51:26.912  INFO 2293 --- [restartedMain] org.apache.catalina.core.StandardEngine  : Starting Servlet engine: [Apache Tomcat/9.0.71]
2023-02-06 16:51:26.989  INFO 2293 --- [restartedMain] o.a.c.c.C.[Tomcat].[localhost].[/Ch10]   : Initializing Spring embedded WebApplicationContext
2023-02-06 16:51:26.989  INFO 2293 --- [restartedMain] w.s.c.ServletWebServerApplicationContext : Root WebApplicationContext: initialization completed in 1573 ms
2023-02-06 16:51:27.447  INFO 2293 --- [restartedMain] o.s.b.a.w.s.WelcomePageHandlerMapping    : Adding welcome page template: index
2023-02-06 16:51:27.675  INFO 2293 --- [restartedMain] o.s.b.d.a.OptionalLiveReloadServer       : LiveReload server is running on port 35729
2023-02-06 16:51:27.728  INFO 2293 --- [restartedMain] o.s.b.w.embedded.tomcat.TomcatWebServer  : Tomcat started on port(s): 8080 (http) with context path '/Ch10'
2023-02-06 16:51:27.750  INFO 2293 --- [restartedMain] .b.a.h.MapBusanAnimalHospitalApplication : Started MapBusanAnimalHospitalApplication in 3.114 seconds (JVM running for 4.62)
2023-02-06 16:51:58.442  INFO 2293 --- [File Watcher] rtingClassPathChangeChangedEventListener : Restarting due to 1 class path change (0 additions, 0 deletions, 1 modification)
2023-02-06 16:51:58.469  INFO 2293 --- [Thread-5] o.apache.catalina.core.StandardService   : Stopping service [Tomcat]
2023-02-06 16:51:58.704  INFO 2293 --- [restartedMain] .b.a.h.MapBusanAnimalHospitalApplication : Starting MapBusanAnimalHospitalApplication using Java 11.0.13 on gimjin-uui-MacBookAir.local with PID 2293 (/Users/kimwoo2328/Desktop/Workspace/SpringBoot/MapBusanAnimalHospital/bin/main started by kimwoo2328 in /Users/kimwoo2328/Desktop/Workspace/SpringBoot/MapBusanAnimalHospital)
2023-02-06 16:51:58.706  INFO 2293 --- [restartedMain] .b.a.h.MapBusanAnimalHospitalApplication : No active profile set, falling back to 1 default profile: "default"
2023-02-06 16:51:59.066  INFO 2293 --- [restartedMain] o.s.b.w.embedded.tomcat.TomcatWebServer  : Tomcat initialized with port(s): 8080 (http)
2023-02-06 16:51:59.068  INFO 2293 --- [restartedMain] o.apache.catalina.core.StandardService   : Starting service [Tomcat]
2023-02-06 16:51:59.069  INFO 2293 --- [restartedMain] org.apache.catalina.core.StandardEngine  : Starting Servlet engine: [Apache Tomcat/9.0.71]
2023-02-06 16:51:59.085  INFO 2293 --- [restartedMain] o.a.c.c.C.[.[.[/MapBusanAnimalHospital]  : Initializing Spring embedded WebApplicationContext
2023-02-06 16:51:59.085  INFO 2293 --- [restartedMain] w.s.c.ServletWebServerApplicationContext : Root WebApplicationContext: initialization completed in 368 ms
2023-02-06 16:51:59.158  INFO 2293 --- [restartedMain] o.s.b.a.w.s.WelcomePageHandlerMapping    : Adding welcome page template: index
2023-02-06 16:51:59.247  INFO 2293 --- [restartedMain] o.s.b.d.a.OptionalLiveReloadServer       : LiveReload server is running on port 35729
2023-02-06 16:51:59.265  INFO 2293 --- [restartedMain] o.s.b.w.embedded.tomcat.TomcatWebServer  : Tomcat started on port(s): 8080 (http) with context path '/MapBusanAnimalHospital'
2023-02-06 16:51:59.273  INFO 2293 --- [restartedMain] .b.a.h.MapBusanAnimalHospitalApplication : Started MapBusanAnimalHospitalApplication in 0.686 seconds (JVM running for 36.142)
2023-02-06 16:51:59.285  INFO 2293 --- [restartedMain] .ConditionEvaluationDeltaLoggingListener : Condition evaluation unchanged
2023-02-06 16:52:27.955  INFO 2293 --- [File Watcher] rtingClassPathChangeChangedEventListener : Restarting due to 1 class path change (0 additions, 0 deletions, 1 modification)
2023-02-06 16:52:27.972  INFO 2293 --- [Thread-7] o.apache.catalina.core.StandardService   : Stopping service [Tomcat]
2023-02-06 16:52:28.202  INFO 2293 --- [restartedMain] .b.a.h.MapBusanAnimalHospitalApplication : Starting MapBusanAnimalHospitalApplication using Java 11.0.13 on gimjin-uui-MacBookAir.local with PID 2293 (/Users/kimwoo2328/Desktop/Workspace/SpringBoot/MapBusanAnimalHospital/bin/main started by kimwoo2328 in /Users/kimwoo2328/Desktop/Workspace/SpringBoot/MapBusanAnimalHospital)
2023-02-06 16:52:28.206  INFO 2293 --- [restartedMain] .b.a.h.MapBusanAnimalHospitalApplication : No active profile set, falling back to 1 default profile: "default"
2023-02-06 16:52:28.517  INFO 2293 --- [restartedMain] o.s.b.w.embedded.tomcat.TomcatWebServer  : Tomcat initialized with port(s): 8081 (http)
2023-02-06 16:52:28.520  INFO 2293 --- [restartedMain] o.apache.catalina.core.StandardService   : Starting service [Tomcat]
2023-02-06 16:52:28.520  INFO 2293 --- [restartedMain] org.apache.catalina.core.StandardEngine  : Starting Servlet engine: [Apache Tomcat/9.0.71]
2023-02-06 16:52:28.535  INFO 2293 --- [restartedMain] o.a.c.c.C.[.[.[/MapBusanAnimalHospital]  : Initializing Spring embedded WebApplicationContext
2023-02-06 16:52:28.536  INFO 2293 --- [restartedMain] w.s.c.ServletWebServerApplicationContext : Root WebApplicationContext: initialization completed in 319 ms
2023-02-06 16:52:28.602  INFO 2293 --- [restartedMain] o.s.b.a.w.s.WelcomePageHandlerMapping    : Adding welcome page template: index
2023-02-06 16:52:28.680  INFO 2293 --- [restartedMain] o.s.b.d.a.OptionalLiveReloadServer       : LiveReload server is running on port 35729
2023-02-06 16:52:28.696  INFO 2293 --- [restartedMain] o.s.b.w.embedded.tomcat.TomcatWebServer  : Tomcat started on port(s): 8081 (http) with context path '/MapBusanAnimalHospital'
2023-02-06 16:52:28.701  INFO 2293 --- [restartedMain] .b.a.h.MapBusanAnimalHospitalApplication : Started MapBusanAnimalHospitalApplication in 0.605 seconds (JVM running for 65.571)
2023-02-06 16:52:28.703  INFO 2293 --- [restartedMain] .ConditionEvaluationDeltaLoggingListener : Condition evaluation unchanged
2023-02-06 16:52:32.922  INFO 2293 --- [http-nio-8081-exec-2] o.a.c.c.C.[.[.[/MapBusanAnimalHospital]  : Initializing Spring DispatcherServlet 'dispatcherServlet'
2023-02-06 16:52:32.924  INFO 2293 --- [http-nio-8081-exec-2] o.s.web.servlet.DispatcherServlet        : Initializing Servlet 'dispatcherServlet'
2023-02-06 16:52:32.927  INFO 2293 --- [http-nio-8081-exec-2] o.s.web.servlet.DispatcherServlet        : Completed initialization in 2 ms
2023-02-06 16:52:33.467 ERROR 2293 --- [http-nio-8081-exec-2] o.a.c.c.C.[.[.[.[dispatcherServlet]      : Servlet.service() for servlet [dispatcherServlet] in context with path [/MapBusanAnimalHospital] threw exception [Request processing failed; nested exception is org.springframework.web.client.ResourceAccessException: I/O error on GET request for "https://apis.data.go.kr/6260000/BusanAnimalHospService/getTblAnimalHospital": PKIX path building failed: sun.security.provider.certpath.SunCertPathBuilderException: unable to find valid certification path to requested target; nested exception is javax.net.ssl.SSLHandshakeException: PKIX path building failed: sun.security.provider.certpath.SunCertPathBuilderException: unable to find valid certification path to requested target] with root cause

sun.security.provider.certpath.SunCertPathBuilderException: unable to find valid certification path to requested target
	at java.base/sun.security.provider.certpath.SunCertPathBuilder.build(SunCertPathBuilder.java:141) ~[na:na]
	at java.base/sun.security.provider.certpath.SunCertPathBuilder.engineBuild(SunCertPathBuilder.java:126) ~[na:na]
	at java.base/java.security.cert.CertPathBuilder.build(CertPathBuilder.java:297) ~[na:na]
	at java.base/sun.security.validator.PKIXValidator.doBuild(PKIXValidator.java:434) ~[na:na]
	at java.base/sun.security.validator.PKIXValidator.engineValidate(PKIXValidator.java:306) ~[na:na]
	at java.base/sun.security.validator.Validator.validate(Validator.java:264) ~[na:na]
	at java.base/sun.security.ssl.X509TrustManagerImpl.validate(X509TrustManagerImpl.java:313) ~[na:na]
	at java.base/sun.security.ssl.X509TrustManagerImpl.checkTrusted(X509TrustManagerImpl.java:222) ~[na:na]
	at java.base/sun.security.ssl.X509TrustManagerImpl.checkServerTrusted(X509TrustManagerImpl.java:129) ~[na:na]
	at java.base/sun.security.ssl.CertificateMessage$T12CertificateConsumer.checkServerCerts(CertificateMessage.java:638) ~[na:na]
	at java.base/sun.security.ssl.CertificateMessage$T12CertificateConsumer.onCertificate(CertificateMessage.java:473) ~[na:na]
	at java.base/sun.security.ssl.CertificateMessage$T12CertificateConsumer.consume(CertificateMessage.java:369) ~[na:na]
	at java.base/sun.security.ssl.SSLHandshake.consume(SSLHandshake.java:392) ~[na:na]
	at java.base/sun.security.ssl.HandshakeContext.dispatch(HandshakeContext.java:478) ~[na:na]
	at java.base/sun.security.ssl.HandshakeContext.dispatch(HandshakeContext.java:456) ~[na:na]
	at java.base/sun.security.ssl.TransportContext.dispatch(TransportContext.java:199) ~[na:na]
	at java.base/sun.security.ssl.SSLTransport.decode(SSLTransport.java:171) ~[na:na]
	at java.base/sun.security.ssl.SSLSocketImpl.decode(SSLSocketImpl.java:1369) ~[na:na]
	at java.base/sun.security.ssl.SSLSocketImpl.readHandshakeRecord(SSLSocketImpl.java:1278) ~[na:na]
	at java.base/sun.security.ssl.SSLSocketImpl.startHandshake(SSLSocketImpl.java:401) ~[na:na]
	at java.base/sun.security.ssl.SSLSocketImpl.startHandshake(SSLSocketImpl.java:373) ~[na:na]
	at java.base/sun.net.www.protocol.https.HttpsClient.afterConnect(HttpsClient.java:567) ~[na:na]
	at java.base/sun.net.www.protocol.https.AbstractDelegateHttpsURLConnection.connect(AbstractDelegateHttpsURLConnection.java:197) ~[na:na]
	at java.base/sun.net.www.protocol.https.HttpsURLConnectionImpl.connect(HttpsURLConnectionImpl.java:168) ~[na:na]
	at org.springframework.http.client.SimpleBufferingClientHttpRequest.executeInternal(SimpleBufferingClientHttpRequest.java:76) ~[spring-web-5.3.25.jar:5.3.25]
	at org.springframework.http.client.AbstractBufferingClientHttpRequest.executeInternal(AbstractBufferingClientHttpRequest.java:48) ~[spring-web-5.3.25.jar:5.3.25]
	at org.springframework.http.client.AbstractClientHttpRequest.execute(AbstractClientHttpRequest.java:66) ~[spring-web-5.3.25.jar:5.3.25]
	at org.springframework.web.client.RestTemplate.doExecute(RestTemplate.java:782) ~[spring-web-5.3.25.jar:5.3.25]
	at org.springframework.web.client.RestTemplate.exchange(RestTemplate.java:666) ~[spring-web-5.3.25.jar:5.3.25]
	at map.busan.animal.hospital.controller.Maincontroller.index(Maincontroller.java:46) ~[main/:na]
	at java.base/jdk.internal.reflect.NativeMethodAccessorImpl.invoke0(Native Method) ~[na:na]
	at java.base/jdk.internal.reflect.NativeMethodAccessorImpl.invoke(NativeMethodAccessorImpl.java:62) ~[na:na]
	at java.base/jdk.internal.reflect.DelegatingMethodAccessorImpl.invoke(DelegatingMethodAccessorImpl.java:43) ~[na:na]
	at java.base/java.lang.reflect.Method.invoke(Method.java:566) ~[na:na]
	at org.springframework.web.method.support.InvocableHandlerMethod.doInvoke(InvocableHandlerMethod.java:205) ~[spring-web-5.3.25.jar:5.3.25]
	at org.springframework.web.method.support.InvocableHandlerMethod.invokeForRequest(InvocableHandlerMethod.java:150) ~[spring-web-5.3.25.jar:5.3.25]
	at org.springframework.web.servlet.mvc.method.annotation.ServletInvocableHandlerMethod.invokeAndHandle(ServletInvocableHandlerMethod.java:117) ~[spring-webmvc-5.3.25.jar:5.3.25]
	at org.springframework.web.servlet.mvc.method.annotation.RequestMappingHandlerAdapter.invokeHandlerMethod(RequestMappingHandlerAdapter.java:895) ~[spring-webmvc-5.3.25.jar:5.3.25]
	at org.springframework.web.servlet.mvc.method.annotation.RequestMappingHandlerAdapter.handleInternal(RequestMappingHandlerAdapter.java:808) ~[spring-webmvc-5.3.25.jar:5.3.25]
	at org.springframework.web.servlet.mvc.method.AbstractHandlerMethodAdapter.handle(AbstractHandlerMethodAdapter.java:87) ~[spring-webmvc-5.3.25.jar:5.3.25]
	at org.springframework.web.servlet.DispatcherServlet.doDispatch(DispatcherServlet.java:1071) ~[spring-webmvc-5.3.25.jar:5.3.25]
	at org.springframework.web.servlet.DispatcherServlet.doService(DispatcherServlet.java:964) ~[spring-webmvc-5.3.25.jar:5.3.25]
	at org.springframework.web.servlet.FrameworkServlet.processRequest(FrameworkServlet.java:1006) ~[spring-webmvc-5.3.25.jar:5.3.25]
	at org.springframework.web.servlet.FrameworkServlet.doGet(FrameworkServlet.java:898) ~[spring-webmvc-5.3.25.jar:5.3.25]
	at javax.servlet.http.HttpServlet.service(HttpServlet.java:670) ~[tomcat-embed-core-9.0.71.jar:4.0.FR]
	at org.springframework.web.servlet.FrameworkServlet.service(FrameworkServlet.java:883) ~[spring-webmvc-5.3.25.jar:5.3.25]
	at javax.servlet.http.HttpServlet.service(HttpServlet.java:779) ~[tomcat-embed-core-9.0.71.jar:4.0.FR]
	at org.apache.catalina.core.ApplicationFilterChain.internalDoFilter(ApplicationFilterChain.java:227) ~[tomcat-embed-core-9.0.71.jar:9.0.71]
	at org.apache.catalina.core.ApplicationFilterChain.doFilter(ApplicationFilterChain.java:162) ~[tomcat-embed-core-9.0.71.jar:9.0.71]
	at org.apache.tomcat.websocket.server.WsFilter.doFilter(WsFilter.java:53) ~[tomcat-embed-websocket-9.0.71.jar:9.0.71]
	at org.apache.catalina.core.ApplicationFilterChain.internalDoFilter(ApplicationFilterChain.java:189) ~[tomcat-embed-core-9.0.71.jar:9.0.71]
	at org.apache.catalina.core.ApplicationFilterChain.doFilter(ApplicationFilterChain.java:162) ~[tomcat-embed-core-9.0.71.jar:9.0.71]
	at org.springframework.web.filter.RequestContextFilter.doFilterInternal(RequestContextFilter.java:100) ~[spring-web-5.3.25.jar:5.3.25]
	at org.springframework.web.filter.OncePerRequestFilter.doFilter(OncePerRequestFilter.java:117) ~[spring-web-5.3.25.jar:5.3.25]
	at org.apache.catalina.core.ApplicationFilterChain.internalDoFilter(ApplicationFilterChain.java:189) ~[tomcat-embed-core-9.0.71.jar:9.0.71]
	at org.apache.catalina.core.ApplicationFilterChain.doFilter(ApplicationFilterChain.java:162) ~[tomcat-embed-core-9.0.71.jar:9.0.71]
	at org.springframework.web.filter.FormContentFilter.doFilterInternal(FormContentFilter.java:93) ~[spring-web-5.3.25.jar:5.3.25]
	at org.springframework.web.filter.OncePerRequestFilter.doFilter(OncePerRequestFilter.java:117) ~[spring-web-5.3.25.jar:5.3.25]
	at org.apache.catalina.core.ApplicationFilterChain.internalDoFilter(ApplicationFilterChain.java:189) ~[tomcat-embed-core-9.0.71.jar:9.0.71]
	at org.apache.catalina.core.ApplicationFilterChain.doFilter(ApplicationFilterChain.java:162) ~[tomcat-embed-core-9.0.71.jar:9.0.71]
	at org.springframework.web.filter.CharacterEncodingFilter.doFilterInternal(CharacterEncodingFilter.java:201) ~[spring-web-5.3.25.jar:5.3.25]
	at org.springframework.web.filter.OncePerRequestFilter.doFilter(OncePerRequestFilter.java:117) ~[spring-web-5.3.25.jar:5.3.25]
	at org.apache.catalina.core.ApplicationFilterChain.internalDoFilter(ApplicationFilterChain.java:189) ~[tomcat-embed-core-9.0.71.jar:9.0.71]
	at org.apache.catalina.core.ApplicationFilterChain.doFilter(ApplicationFilterChain.java:162) ~[tomcat-embed-core-9.0.71.jar:9.0.71]
	at org.apache.catalina.core.StandardWrapperValve.invoke(StandardWrapperValve.java:177) ~[tomcat-embed-core-9.0.71.jar:9.0.71]
	at org.apache.catalina.core.StandardContextValve.invoke(StandardContextValve.java:97) ~[tomcat-embed-core-9.0.71.jar:9.0.71]
	at org.apache.catalina.authenticator.AuthenticatorBase.invoke(AuthenticatorBase.java:541) ~[tomcat-embed-core-9.0.71.jar:9.0.71]
	at org.apache.catalina.core.StandardHostValve.invoke(StandardHostValve.java:135) ~[tomcat-embed-core-9.0.71.jar:9.0.71]
	at org.apache.catalina.valves.ErrorReportValve.invoke(ErrorReportValve.java:92) ~[tomcat-embed-core-9.0.71.jar:9.0.71]
	at org.apache.catalina.core.StandardEngineValve.invoke(StandardEngineValve.java:78) ~[tomcat-embed-core-9.0.71.jar:9.0.71]
	at org.apache.catalina.connector.CoyoteAdapter.service(CoyoteAdapter.java:360) ~[tomcat-embed-core-9.0.71.jar:9.0.71]
	at org.apache.coyote.http11.Http11Processor.service(Http11Processor.java:399) ~[tomcat-embed-core-9.0.71.jar:9.0.71]
	at org.apache.coyote.AbstractProcessorLight.process(AbstractProcessorLight.java:65) ~[tomcat-embed-core-9.0.71.jar:9.0.71]
	at org.apache.coyote.AbstractProtocol$ConnectionHandler.process(AbstractProtocol.java:891) ~[tomcat-embed-core-9.0.71.jar:9.0.71]
	at org.apache.tomcat.util.net.NioEndpoint$SocketProcessor.doRun(NioEndpoint.java:1784) ~[tomcat-embed-core-9.0.71.jar:9.0.71]
	at org.apache.tomcat.util.net.SocketProcessorBase.run(SocketProcessorBase.java:49) ~[tomcat-embed-core-9.0.71.jar:9.0.71]
	at org.apache.tomcat.util.threads.ThreadPoolExecutor.runWorker(ThreadPoolExecutor.java:1191) ~[tomcat-embed-core-9.0.71.jar:9.0.71]
	at org.apache.tomcat.util.threads.ThreadPoolExecutor$Worker.run(ThreadPoolExecutor.java:659) ~[tomcat-embed-core-9.0.71.jar:9.0.71]
	at org.apache.tomcat.util.threads.TaskThread$WrappingRunnable.run(TaskThread.java:61) ~[tomcat-embed-core-9.0.71.jar:9.0.71]
	at java.base/java.lang.Thread.run(Thread.java:834) ~[na:na]

2023-02-06 16:52:54.388  INFO 2293 --- [File Watcher] rtingClassPathChangeChangedEventListener : Restarting due to 1 class path change (0 additions, 0 deletions, 1 modification)
2023-02-06 16:52:54.404  INFO 2293 --- [Thread-11] o.apache.catalina.core.StandardService   : Stopping service [Tomcat]
2023-02-06 16:52:54.408  INFO 2293 --- [Thread-11] o.a.c.c.C.[.[.[/MapBusanAnimalHospital]  : Destroying Spring FrameworkServlet 'dispatcherServlet'
